<?xml version="1.0" encoding="UTF-8"?>
<!-- Generated by org.testng.reporters.JUnitReportReporter -->
<testsuite hostname="Ganesh-PC" failures="0" tests="3" name="com.testpack.FTest" time="166.373" errors="0" timestamp="2020-12-29T06:24:08 PST" skipped="0">
  <testcase classname="com.testpack.FTest" name="two" time="6.340"/>
  <system-out/>
  <testcase classname="com.testpack.FTest" name="three" time="151.675"/>
  <system-out/>
  <testcase classname="com.testpack.FTest" name="One" time="8.358"/>
  <system-out/>
</testsuite> <!-- com.testpack.FTest -->
