<?xml version="1.0" encoding="UTF-8"?>
<!-- Generated by org.testng.reporters.JUnitReportReporter -->
<testsuite hostname="Ganesh-PC" failures="0" tests="3" name="testpack.FTest" time="75.842" errors="0" timestamp="2020-12-29T07:06:00 PST" skipped="0">
  <testcase classname="testpack.FTest" name="two" time="5.259"/>
  <system-out/>
  <testcase classname="testpack.FTest" name="three" time="63.942"/>
  <system-out/>
  <testcase classname="testpack.FTest" name="One" time="6.641"/>
  <system-out/>
</testsuite> <!-- testpack.FTest -->
